[debug] [2024-05-28T06:47:02.876Z] ----------------------------------------------------------------------
[debug] [2024-05-28T06:47:02.887Z] Command:       C:\Program Files\nodejs\node.exe C:\Users\Administrator\AppData\Roaming\npm\node_modules\firebase-tools\lib\bin\firebase.js init
[debug] [2024-05-28T06:47:02.887Z] CLI Version:   13.10.1
[debug] [2024-05-28T06:47:02.888Z] Platform:      win32
[debug] [2024-05-28T06:47:02.888Z] Node Version:  v21.6.2
[debug] [2024-05-28T06:47:02.888Z] Time:          Tue May 28 2024 07:47:02 GMT+0100 (West Africa Standard Time)
[debug] [2024-05-28T06:47:02.888Z] ----------------------------------------------------------------------
[debug] 
[debug] [2024-05-28T06:47:02.906Z] > command requires scopes: ["email","openid","https://www.googleapis.com/auth/cloudplatformprojects.readonly","https://www.googleapis.com/auth/firebase","https://www.googleapis.com/auth/cloud-platform"]
[debug] [2024-05-28T06:47:02.907Z] > authorizing via signed-in user (marcdanielbassgounou@gmail.com)
[info] 
     ######## #### ########  ######## ########     ###     ######  ########
     ##        ##  ##     ## ##       ##     ##  ##   ##  ##       ##
     ######    ##  ########  ######   ########  #########  ######  ######
     ##        ##  ##    ##  ##       ##     ## ##     ##       ## ##
     ##       #### ##     ## ######## ########  ##     ##  ######  ########

You're about to initialize a Firebase project in this directory:

  C:\Users\Administrator

Before we get started, keep in mind:

  * You are initializing your home directory as a Firebase project directory

[info] 
=== Project Setup
[info] 
[info] First, let's associate this project directory with a Firebase project.
[info] You can create multiple project aliases by running firebase use --add, 
[info] but for now we'll just set up a default project.
[info] 
[debug] [2024-05-28T06:47:43.368Z] >>> [apiv2][query] GET https://firebase.googleapis.com/v1beta1/projects pageSize=100
[debug] [2024-05-28T06:47:44.693Z] <<< [apiv2][status] GET https://firebase.googleapis.com/v1beta1/projects 200
[debug] [2024-05-28T06:47:44.693Z] <<< [apiv2][body] GET https://firebase.googleapis.com/v1beta1/projects [omitted]
[info] i  Using project foodoo-app-a5d80 (Foodoo app) 
[info] 
=== Firestore Setup
[debug] [2024-05-28T06:47:46.101Z] >>> [apiv2][query] GET https://serviceusage.googleapis.com/v1/projects/foodoo-app-a5d80/services/firestore.googleapis.com [none]
[debug] [2024-05-28T06:47:46.101Z] >>> [apiv2][(partial)header] GET https://serviceusage.googleapis.com/v1/projects/foodoo-app-a5d80/services/firestore.googleapis.com x-goog-quota-user=projects/foodoo-app-a5d80
[debug] [2024-05-28T06:47:48.018Z] <<< [apiv2][status] GET https://serviceusage.googleapis.com/v1/projects/foodoo-app-a5d80/services/firestore.googleapis.com 200
[debug] [2024-05-28T06:47:48.018Z] <<< [apiv2][body] GET https://serviceusage.googleapis.com/v1/projects/foodoo-app-a5d80/services/firestore.googleapis.com [omitted]
[debug] [2024-05-28T06:47:48.019Z] >>> [apiv2][query] GET https://firestore.googleapis.com/v1/projects/foodoo-app-a5d80/databases/(default) [none]
[debug] [2024-05-28T06:47:49.763Z] <<< [apiv2][status] GET https://firestore.googleapis.com/v1/projects/foodoo-app-a5d80/databases/(default) 200
[debug] [2024-05-28T06:47:49.763Z] <<< [apiv2][body] GET https://firestore.googleapis.com/v1/projects/foodoo-app-a5d80/databases/(default) {"name":"projects/foodoo-app-a5d80/databases/(default)","uid":"5b4b4b6d-aebc-4484-b376-27ff01835af8","createTime":"2024-05-28T06:45:30.409189Z","updateTime":"2024-05-28T06:45:30.409189Z","locationId":"nam5","type":"FIRESTORE_NATIVE","concurrencyMode":"PESSIMISTIC","versionRetentionPeriod":"3600s","earliestVersionTime":"2024-05-28T06:45:30.409189Z","appEngineIntegrationMode":"DISABLED","keyPrefix":"s","pointInTimeRecoveryEnablement":"POINT_IN_TIME_RECOVERY_DISABLED","deleteProtectionState":"DELETE_PROTECTION_DISABLED","etag":"II/Rrpngr4YDMOXp5Nbfr4YD"}
[debug] [2024-05-28T06:47:49.763Z] database_type: FIRESTORE_NATIVE
[debug] [2024-05-28T06:47:49.764Z] > command requires scopes: ["email","openid","https://www.googleapis.com/auth/cloudplatformprojects.readonly","https://www.googleapis.com/auth/firebase","https://www.googleapis.com/auth/cloud-platform"]
[debug] [2024-05-28T06:47:49.764Z] > authorizing via signed-in user (marcdanielbassgounou@gmail.com)
[debug] [2024-05-28T06:47:49.764Z] [iam] checking project foodoo-app-a5d80 for permissions ["firebase.projects.get"]
[debug] [2024-05-28T06:47:49.765Z] >>> [apiv2][query] POST https://cloudresourcemanager.googleapis.com/v1/projects/foodoo-app-a5d80:testIamPermissions [none]
[debug] [2024-05-28T06:47:49.765Z] >>> [apiv2][(partial)header] POST https://cloudresourcemanager.googleapis.com/v1/projects/foodoo-app-a5d80:testIamPermissions x-goog-quota-user=projects/foodoo-app-a5d80
[debug] [2024-05-28T06:47:49.765Z] >>> [apiv2][body] POST https://cloudresourcemanager.googleapis.com/v1/projects/foodoo-app-a5d80:testIamPermissions {"permissions":["firebase.projects.get"]}
[debug] [2024-05-28T06:47:51.520Z] <<< [apiv2][status] POST https://cloudresourcemanager.googleapis.com/v1/projects/foodoo-app-a5d80:testIamPermissions 200
[debug] [2024-05-28T06:47:51.520Z] <<< [apiv2][body] POST https://cloudresourcemanager.googleapis.com/v1/projects/foodoo-app-a5d80:testIamPermissions {"permissions":["firebase.projects.get"]}
[info] 
[info] Firestore Security Rules allow you to define how and when to allow
[info] requests. You can keep these rules in your project directory
[info] and publish them with firebase deploy.
[info] 
[debug] [2024-05-28T06:48:41.001Z] >>> [apiv2][query] GET https://firebaserules.googleapis.com/v1/projects/foodoo-app-a5d80/releases pageSize=10&pageToken=
[debug] [2024-05-28T06:48:43.039Z] <<< [apiv2][status] GET https://firebaserules.googleapis.com/v1/projects/foodoo-app-a5d80/releases 200
[debug] [2024-05-28T06:48:43.039Z] <<< [apiv2][body] GET https://firebaserules.googleapis.com/v1/projects/foodoo-app-a5d80/releases {"releases":[{"name":"projects/foodoo-app-a5d80/releases/cloud.firestore","rulesetName":"projects/foodoo-app-a5d80/rulesets/6a86cdbb-9dd9-4af3-83fd-686cc73b2412","createTime":"2024-05-28T06:45:38.151724Z","updateTime":"2024-05-28T06:45:38.151724Z"}]}
[debug] [2024-05-28T06:48:43.040Z] Found ruleset: projects/foodoo-app-a5d80/rulesets/6a86cdbb-9dd9-4af3-83fd-686cc73b2412
[debug] [2024-05-28T06:48:43.040Z] >>> [apiv2][query] GET https://firebaserules.googleapis.com/v1/projects/foodoo-app-a5d80/rulesets/6a86cdbb-9dd9-4af3-83fd-686cc73b2412 [none]
[debug] [2024-05-28T06:48:44.061Z] <<< [apiv2][status] GET https://firebaserules.googleapis.com/v1/projects/foodoo-app-a5d80/rulesets/6a86cdbb-9dd9-4af3-83fd-686cc73b2412 200
[debug] [2024-05-28T06:48:44.062Z] <<< [apiv2][body] GET https://firebaserules.googleapis.com/v1/projects/foodoo-app-a5d80/rulesets/6a86cdbb-9dd9-4af3-83fd-686cc73b2412 [omitted]
[info] 
[info] Firestore indexes allow you to perform complex queries while
[info] maintaining performance that scales with the size of the result
[info] set. You can keep index definitions in your project directory
[info] and publish them with firebase deploy.
[info] 
[debug] [2024-05-28T06:48:49.971Z] >>> [apiv2][query] GET https://firestore.googleapis.com/v1/projects/foodoo-app-a5d80/databases/(default)/collectionGroups/-/indexes [none]
[debug] [2024-05-28T06:48:49.973Z] >>> [apiv2][query] GET https://firestore.googleapis.com/v1/projects/foodoo-app-a5d80/databases/(default)/collectionGroups/-/fields?filter=indexConfig.usesAncestorConfig=false OR ttlConfig:* [none]
[debug] [2024-05-28T06:48:50.804Z] <<< [apiv2][status] GET https://firestore.googleapis.com/v1/projects/foodoo-app-a5d80/databases/(default)/collectionGroups/-/indexes 200
[debug] [2024-05-28T06:48:50.804Z] <<< [apiv2][body] GET https://firestore.googleapis.com/v1/projects/foodoo-app-a5d80/databases/(default)/collectionGroups/-/indexes {}
[debug] [2024-05-28T06:48:50.996Z] <<< [apiv2][status] GET https://firestore.googleapis.com/v1/projects/foodoo-app-a5d80/databases/(default)/collectionGroups/-/fields?filter=indexConfig.usesAncestorConfig=false OR ttlConfig:* 200
[debug] [2024-05-28T06:48:50.996Z] <<< [apiv2][body] GET https://firestore.googleapis.com/v1/projects/foodoo-app-a5d80/databases/(default)/collectionGroups/-/fields?filter=indexConfig.usesAncestorConfig=false OR ttlConfig:* {"fields":[{"name":"projects/foodoo-app-a5d80/databases/(default)/collectionGroups/__default__/fields/*","indexConfig":{"indexes":[{"queryScope":"COLLECTION","fields":[{"fieldPath":"*","order":"ASCENDING"}],"state":"READY"},{"queryScope":"COLLECTION","fields":[{"fieldPath":"*","order":"DESCENDING"}],"state":"READY"},{"queryScope":"COLLECTION","fields":[{"fieldPath":"*","arrayConfig":"CONTAINS"}],"state":"READY"}]}}]}
[info] 
=== Functions Setup
[debug] [2024-05-28T06:48:50.999Z] > command requires scopes: ["email","openid","https://www.googleapis.com/auth/cloudplatformprojects.readonly","https://www.googleapis.com/auth/firebase","https://www.googleapis.com/auth/cloud-platform"]
[debug] [2024-05-28T06:48:51.000Z] > authorizing via signed-in user (marcdanielbassgounou@gmail.com)
[debug] [2024-05-28T06:48:51.000Z] [iam] checking project foodoo-app-a5d80 for permissions ["firebase.projects.get"]
[debug] [2024-05-28T06:48:51.000Z] >>> [apiv2][query] POST https://cloudresourcemanager.googleapis.com/v1/projects/foodoo-app-a5d80:testIamPermissions [none]
[debug] [2024-05-28T06:48:51.000Z] >>> [apiv2][(partial)header] POST https://cloudresourcemanager.googleapis.com/v1/projects/foodoo-app-a5d80:testIamPermissions x-goog-quota-user=projects/foodoo-app-a5d80
[debug] [2024-05-28T06:48:51.000Z] >>> [apiv2][body] POST https://cloudresourcemanager.googleapis.com/v1/projects/foodoo-app-a5d80:testIamPermissions {"permissions":["firebase.projects.get"]}
[debug] [2024-05-28T06:48:51.630Z] <<< [apiv2][status] POST https://cloudresourcemanager.googleapis.com/v1/projects/foodoo-app-a5d80:testIamPermissions 200
[debug] [2024-05-28T06:48:51.630Z] <<< [apiv2][body] POST https://cloudresourcemanager.googleapis.com/v1/projects/foodoo-app-a5d80:testIamPermissions {"permissions":["firebase.projects.get"]}
[debug] [2024-05-28T06:48:51.630Z] >>> [apiv2][query] GET https://serviceusage.googleapis.com/v1/projects/foodoo-app-a5d80/services/cloudfunctions.googleapis.com [none]
[debug] [2024-05-28T06:48:51.631Z] >>> [apiv2][(partial)header] GET https://serviceusage.googleapis.com/v1/projects/foodoo-app-a5d80/services/cloudfunctions.googleapis.com x-goog-quota-user=projects/foodoo-app-a5d80
[debug] [2024-05-28T06:48:51.633Z] >>> [apiv2][query] GET https://serviceusage.googleapis.com/v1/projects/foodoo-app-a5d80/services/runtimeconfig.googleapis.com [none]
[debug] [2024-05-28T06:48:51.633Z] >>> [apiv2][(partial)header] GET https://serviceusage.googleapis.com/v1/projects/foodoo-app-a5d80/services/runtimeconfig.googleapis.com x-goog-quota-user=projects/foodoo-app-a5d80
[debug] [2024-05-28T06:48:52.939Z] <<< [apiv2][status] GET https://serviceusage.googleapis.com/v1/projects/foodoo-app-a5d80/services/runtimeconfig.googleapis.com 200
[debug] [2024-05-28T06:48:52.939Z] <<< [apiv2][body] GET https://serviceusage.googleapis.com/v1/projects/foodoo-app-a5d80/services/runtimeconfig.googleapis.com [omitted]
[debug] [2024-05-28T06:48:53.175Z] <<< [apiv2][status] GET https://serviceusage.googleapis.com/v1/projects/foodoo-app-a5d80/services/cloudfunctions.googleapis.com 200
[debug] [2024-05-28T06:48:53.176Z] <<< [apiv2][body] GET https://serviceusage.googleapis.com/v1/projects/foodoo-app-a5d80/services/cloudfunctions.googleapis.com [omitted]
[debug] [2024-05-28T06:48:53.176Z] >>> [apiv2][query] POST https://serviceusage.googleapis.com/v1/projects/foodoo-app-a5d80/services/cloudfunctions.googleapis.com:enable [none]
[debug] [2024-05-28T06:48:53.177Z] >>> [apiv2][(partial)header] POST https://serviceusage.googleapis.com/v1/projects/foodoo-app-a5d80/services/cloudfunctions.googleapis.com:enable x-goog-quota-user=projects/foodoo-app-a5d80
[debug] [2024-05-28T06:48:54.722Z] <<< [apiv2][status] POST https://serviceusage.googleapis.com/v1/projects/foodoo-app-a5d80/services/cloudfunctions.googleapis.com:enable 200
[debug] [2024-05-28T06:48:54.722Z] <<< [apiv2][body] POST https://serviceusage.googleapis.com/v1/projects/foodoo-app-a5d80/services/cloudfunctions.googleapis.com:enable [omitted]
[debug] [2024-05-28T06:49:04.734Z] >>> [apiv2][query] GET https://serviceusage.googleapis.com/v1/projects/foodoo-app-a5d80/services/cloudfunctions.googleapis.com [none]
[debug] [2024-05-28T06:49:04.734Z] >>> [apiv2][(partial)header] GET https://serviceusage.googleapis.com/v1/projects/foodoo-app-a5d80/services/cloudfunctions.googleapis.com x-goog-quota-user=projects/foodoo-app-a5d80
[debug] [2024-05-28T06:49:06.452Z] <<< [apiv2][status] GET https://serviceusage.googleapis.com/v1/projects/foodoo-app-a5d80/services/cloudfunctions.googleapis.com 200
[debug] [2024-05-28T06:49:06.452Z] <<< [apiv2][body] GET https://serviceusage.googleapis.com/v1/projects/foodoo-app-a5d80/services/cloudfunctions.googleapis.com [omitted]
[info] Let's create a new codebase for your functions.
[info] A directory corresponding to the codebase will be created in your project
[info] with sample code pre-configured.

[info] See https://firebase.google.com/docs/functions/organize-functions for
[info] more information on organizing your functions using codebases.

[info] Functions can be deployed with firebase deploy.

[info] +  Wrote functions/package.json 
[info] +  Wrote functions/.eslintrc.js 
[info] +  Wrote functions/index.js 
[info] +  Wrote functions/.gitignore 
[info] 
=== Hosting Setup
[debug] [2024-05-28T06:52:37.371Z] >>> [apiv2][query] GET https://firebase.googleapis.com/v1beta1/projects/foodoo-app-a5d80 [none]
[debug] [2024-05-28T06:52:38.751Z] <<< [apiv2][status] GET https://firebase.googleapis.com/v1beta1/projects/foodoo-app-a5d80 200
[debug] [2024-05-28T06:52:38.751Z] <<< [apiv2][body] GET https://firebase.googleapis.com/v1beta1/projects/foodoo-app-a5d80 {"projectId":"foodoo-app-a5d80","projectNumber":"441546080775","displayName":"Foodoo app","name":"projects/foodoo-app-a5d80","resources":{"hostingSite":"foodoo-app-a5d80"},"state":"ACTIVE","etag":"1_4f999e82-df70-4956-8680-49f4355a9ffe"}
[info] 
[info] Your public directory is the folder (relative to your project directory) that
[info] will contain Hosting assets to be uploaded with firebase deploy. If you
[info] have a build process for your assets, use your build's output directory.
[info] 
[info] +  Wrote public/404.html 
[debug] [2024-05-28T06:53:21.939Z] >>> [apiv2][query] GET https://www.gstatic.com/firebasejs/releases.json [none]
[debug] [2024-05-28T06:53:22.545Z] <<< [apiv2][status] GET https://www.gstatic.com/firebasejs/releases.json 200
[debug] [2024-05-28T06:53:22.546Z] <<< [apiv2][body] GET https://www.gstatic.com/firebasejs/releases.json {"current":{"version":"10.12.2","browserURL":"https://www.gstatic.com/firebasejs/10.12.2/firebase.js","packageURL":"https://www.gstatic.com/firebasejs/10.12.2/firebase.tgz"},"live":{"version":"10.12","browserURL":"https://www.gstatic.com/firebasejs/live/10.12/firebase.js","packageURL":"https://www.gstatic.com/firebasejs/live/10.12/firebase.tgz"},"components":{"analytics":"https://www.gstatic.com/firebasejs/10.12.2/firebase-analytics.js","app":"https://www.gstatic.com/firebasejs/10.12.2/firebase-app.js","app-check":"https://www.gstatic.com/firebasejs/10.12.2/firebase-app-check.js","auth":"https://www.gstatic.com/firebasejs/10.12.2/firebase-auth.js","auth/cordova":"https://www.gstatic.com/firebasejs/10.12.2/firebase-auth/cordova.js","auth/web-extension":"https://www.gstatic.com/firebasejs/10.12.2/firebase-auth/web-extension.js","functions":"https://www.gstatic.com/firebasejs/10.12.2/firebase-functions.js","firestore":"https://www.gstatic.com/firebasejs/10.12.2/firebase-firestore.js","firestore/lite":"https://www.gstatic.com/firebasejs/10.12.2/firebase-firestore/lite.js","installations":"https://www.gstatic.com/firebasejs/10.12.2/firebase-installations.js","storage":"https://www.gstatic.com/firebasejs/10.12.2/firebase-storage.js","performance":"https://www.gstatic.com/firebasejs/10.12.2/firebase-performance.js","remote-config":"https://www.gstatic.com/firebasejs/10.12.2/firebase-remote-config.js","messaging":"https://www.gstatic.com/firebasejs/10.12.2/firebase-messaging.js","messaging/sw":"https://www.gstatic.com/firebasejs/10.12.2/firebase-messaging/sw.js","database":"https://www.gstatic.com/firebasejs/10.12.2/firebase-database.js","vertexai-preview":"https://www.gstatic.com/firebasejs/10.12.2/firebase-vertexai-preview.js","firestore.memory":"https://www.gstatic.com/firebasejs/10.12.2/firebase-firestore.memory.js"}}
[info] +  Wrote public/index.html 
[info] 
[info] i  Didn't detect a .git folder. Assuming C:\Users\Administrator is the project root. 
[info] i  Authorizing with GitHub to upload your service account to a GitHub repository's secrets store. 
[info] 
[info] Visit this URL on this device to log in:
[info] https://github.com/login/oauth/authorize?client_id=89cf50f02ac6aaed3484&state=223252396&redirect_uri=http%3A%2F%2Flocalhost%3A9005&scope=read%3Auser%20repo%20public_repo
[info] 
[info] Waiting for authentication...
[debug] [2024-05-28T06:53:31.974Z] >>> [apiv2][query] POST https://github.com/login/oauth/access_token [none]
[debug] [2024-05-28T06:53:31.975Z] >>> [apiv2][body] POST https://github.com/login/oauth/access_token [stream]
[debug] [2024-05-28T06:53:33.142Z] <<< [apiv2][status] POST https://github.com/login/oauth/access_token 200
[debug] [2024-05-28T06:53:33.142Z] <<< [apiv2][body] POST https://github.com/login/oauth/access_token {"access_token":"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","token_type":"bearer","scope":"read:user,repo"}
[debug] [2024-05-28T06:53:33.157Z] >>> [apiv2][query] GET https://api.github.com/user [none]
[debug] [2024-05-28T06:53:34.131Z] <<< [apiv2][status] GET https://api.github.com/user 200
[debug] [2024-05-28T06:53:34.131Z] <<< [apiv2][body] GET https://api.github.com/user {"login":"GounouMarcDanielBass","id":170529440,"node_id":"U_kgDOCioSoA","avatar_url":"https://avatars.githubusercontent.com/u/170529440?v=4","gravatar_id":"","url":"https://api.github.com/users/GounouMarcDanielBass","html_url":"https://github.com/GounouMarcDanielBass","followers_url":"https://api.github.com/users/GounouMarcDanielBass/followers","following_url":"https://api.github.com/users/GounouMarcDanielBass/following{/other_user}","gists_url":"https://api.github.com/users/GounouMarcDanielBass/gists{/gist_id}","starred_url":"https://api.github.com/users/GounouMarcDanielBass/starred{/owner}{/repo}","subscriptions_url":"https://api.github.com/users/GounouMarcDanielBass/subscriptions","organizations_url":"https://api.github.com/users/GounouMarcDanielBass/orgs","repos_url":"https://api.github.com/users/GounouMarcDanielBass/repos","events_url":"https://api.github.com/users/GounouMarcDanielBass/events{/privacy}","received_events_url":"https://api.github.com/users/GounouMarcDanielBass/received_events","type":"User","site_admin":false,"name":null,"company":null,"blog":"","location":null,"email":null,"hireable":null,"bio":null,"twitter_username":null,"public_repos":1,"public_gists":0,"followers":0,"following":0,"created_at":"2024-05-22T12:26:27Z","updated_at":"2024-05-28T05:43:36Z","private_gists":0,"total_private_repos":0,"owned_private_repos":0,"disk_usage":0,"collaborators":0,"two_factor_authentication":false,"plan":{"name":"free","space":976562499,"collaborators":0,"private_repos":10000}}
[info] 
[info] +  Success! Logged into GitHub as GounouMarcDanielBass 
[info] 
[debug] [2024-05-28T06:53:51.391Z] >>> [apiv2][query] GET https://api.github.com/repos//actions/secrets/public-key type=owner
[debug] [2024-05-28T06:53:52.223Z] <<< [apiv2][status] GET https://api.github.com/repos//actions/secrets/public-key 404
[debug] [2024-05-28T06:53:52.223Z] <<< [apiv2][body] GET https://api.github.com/repos//actions/secrets/public-key {"message":"Not Found","documentation_url":"https://docs.github.com/rest"}
[info] 
[info] 
[error] !  The provided authorization cannot be used with this repository. If this repository is in an organization, did you remember to grant access? 
[info] 
[info] i  Action required: Visit this URL to ensure access has been granted to the appropriate organization(s) for the Firebase CLI GitHub OAuth App: 
[info] https://github.com/settings/connections/applications/89cf50f02ac6aaed3484
[info] 
[debug] [2024-05-28T06:54:58.273Z] >>> [apiv2][query] GET https://api.github.com/repos//actions/secrets/public-key type=owner
[debug] [2024-05-28T06:54:59.454Z] <<< [apiv2][status] GET https://api.github.com/repos//actions/secrets/public-key 404
[debug] [2024-05-28T06:54:59.454Z] <<< [apiv2][body] GET https://api.github.com/repos//actions/secrets/public-key {"message":"Not Found","documentation_url":"https://docs.github.com/rest"}
[info] 
[info] 
[error] !  The provided authorization cannot be used with this repository. If this repository is in an organization, did you remember to grant access? 
[info] 
[info] i  Action required: Visit this URL to ensure access has been granted to the appropriate organization(s) for the Firebase CLI GitHub OAuth App: 
[info] https://github.com/settings/connections/applications/89cf50f02ac6aaed3484
[info] 
[debug] [2024-05-28T06:55:08.998Z] >>> [apiv2][query] GET https://api.github.com/repos//actions/secrets/public-key type=owner
[debug] [2024-05-28T06:55:10.506Z] <<< [apiv2][status] GET https://api.github.com/repos//actions/secrets/public-key 404
[debug] [2024-05-28T06:55:10.506Z] <<< [apiv2][body] GET https://api.github.com/repos//actions/secrets/public-key {"message":"Not Found","documentation_url":"https://docs.github.com/rest"}
[info] 
[info] 
[error] !  The provided authorization cannot be used with this repository. If this repository is in an organization, did you remember to grant access? 
[info] 
[info] i  Action required: Visit this URL to ensure access has been granted to the appropriate organization(s) for the Firebase CLI GitHub OAuth App: 
[info] https://github.com/settings/connections/applications/89cf50f02ac6aaed3484
[info] 
[debug] [2024-05-28T06:56:41.950Z] >>> [apiv2][query] GET https://api.github.com/repos/n/actions/secrets/public-key type=owner
[debug] [2024-05-28T06:56:42.790Z] <<< [apiv2][status] GET https://api.github.com/repos/n/actions/secrets/public-key 404
[debug] [2024-05-28T06:56:42.790Z] <<< [apiv2][body] GET https://api.github.com/repos/n/actions/secrets/public-key {"message":"Not Found","documentation_url":"https://docs.github.com/rest"}
[info] 
[info] 
[error] !  The provided authorization cannot be used with this repository. If this repository is in an organization, did you remember to grant access? 
[info] 
[info] i  Action required: Visit this URL to ensure access has been granted to the appropriate organization(s) for the Firebase CLI GitHub OAuth App: 
[info] https://github.com/settings/connections/applications/89cf50f02ac6aaed3484
[info] 
